android/app/build/intermediates/manifest_merge_blame_file/debug/manifest-merger-blame-debug-report.txt
1<?xml version="1.0" encoding="utf-8"?>
2<manifest xmlns:android="http://schemas.android.com/apk/res/android"
3    package="com.questap"
4    android:versionCode="1"
5    android:versionName="1.0" >
6
7    <uses-sdk
8        android:minSdkVersion="16"
9        android:targetSdkVersion="28" />
10
11    <uses-permission android:name="android.permission.SYSTEM_ALERT_WINDOW" />
11-->src/debug/AndroidManifest.xml:5:5-77
11-->src/debug/AndroidManifest.xml:5:22-75
12    <uses-permission android:name="android.permission.INTERNET" />
12-->src/main/AndroidManifest.xml:4:5-67
12-->src/main/AndroidManifest.xml:4:22-64
13
14    <application
14-->src/main/AndroidManifest.xml:6:5-24:19
15        android:name="com.questap.MainApplication"
15-->src/main/AndroidManifest.xml:7:7-38
16        android:allowBackup="false"
16-->src/main/AndroidManifest.xml:11:7-34
17        android:appComponentFactory="androidx.core.app.CoreComponentFactory"
17-->[androidx.core:core:1.1.0] AndroidManifest.xml:24:18-86
18        android:debuggable="true"
19        android:icon="@mipmap/ic_launcher"
19-->src/main/AndroidManifest.xml:9:7-41
20        android:label="@string/app_name"
20-->src/main/AndroidManifest.xml:8:7-39
21        android:roundIcon="@mipmap/ic_launcher_round"
21-->src/main/AndroidManifest.xml:10:7-52
22        android:theme="@style/AppTheme"
22-->src/main/AndroidManifest.xml:12:7-38
23        android:usesCleartextTraffic="true" >
23-->src/debug/AndroidManifest.xml:7:18-53
24        <activity
24-->src/main/AndroidManifest.xml:13:7-22:18
25            android:name="com.questap.MainActivity"
25-->src/main/AndroidManifest.xml:14:9-37
26            android:configChanges="keyboard|keyboardHidden|orientation|screenSize"
26-->src/main/AndroidManifest.xml:16:9-79
27            android:label="@string/app_name"
27-->src/main/AndroidManifest.xml:15:9-41
28            android:windowSoftInputMode="adjustResize" >
28-->src/main/AndroidManifest.xml:17:9-51
29            <intent-filter>
29-->src/main/AndroidManifest.xml:18:9-21:25
30                <action android:name="android.intent.action.MAIN" />
30-->src/main/AndroidManifest.xml:19:13-65
30-->src/main/AndroidManifest.xml:19:21-62
31
32                <category android:name="android.intent.category.LAUNCHER" />
32-->src/main/AndroidManifest.xml:20:13-73
32-->src/main/AndroidManifest.xml:20:23-70
33            </intent-filter>
34        </activity>
35        <activity android:name="com.facebook.react.devsupport.DevSettingsActivity" />
35-->src/main/AndroidManifest.xml:23:7-84
35-->src/main/AndroidManifest.xml:23:17-81
36    </application>
37
38</manifest>